<?xml version="1.0" encoding="UTF-8"?>
<!-- Generated by org.testng.reporters.JUnitReportReporter -->
<testsuite skipped="0" hostname="manzers-Air.lan1" name="testNG.TestNGClass" tests="1" failures="0" timestamp="2021-07-06T21:49:31 EDT" time="0.032" errors="0">
  <testcase name="googleTitle" time="0.032" classname="testNG.TestNGClass"/>
  <system-out/>
</testsuite> <!-- testNG.TestNGClass -->
